<?xml version="1.0" encoding="UTF-8"?>
<testsuite xmlns:xsi="http://www.w3.org/2001/XMLSchema-instance" xsi:noNamespaceSchemaLocation="https://maven.apache.org/surefire/maven-surefire-plugin/xsd/surefire-test-report-3.0.xsd" version="3.0" name="praktikum.IngredientTypeTest" time="0.108" tests="18" errors="0" skipped="0" failures="0">
  <properties>
[...]
</properties>
  <testcase name="checkIngredientTypeTest[Name ingredient: hot sauce]" classname="praktikum.IngredientTypeTest" time="0.01"/>
  <testcase name="checkIngredientPriceTest[Name ingredient: hot sauce]" classname="praktikum.IngredientTypeTest" time="0.0"/>
  <testcase name="checkIngredientNameTest[Name ingredient: hot sauce]" classname="praktikum.IngredientTypeTest" time="0.0"/>
  <testcase name="checkIngredientTypeTest[Name ingredient: chili sauce]" classname="praktikum.IngredientTypeTest" time="0.001"/>
  <testcase name="checkIngredientPriceTest[Name ingredient: chili sauce]" classname="praktikum.IngredientTypeTest" time="0.0"/>
  <testcase name="checkIngredientNameTest[Name ingredient: chili sauce]" classname="praktikum.IngredientTypeTest" time="0.0"/>
  <testcase name="checkIngredientTypeTest[Name ingredient: sour cream]" classname="praktikum.IngredientTypeTest" time="0.0"/>
  <testcase name="checkIngredientPriceTest[Name ingredient: sour cream]" classname="praktikum.IngredientTypeTest" time="0.0"/>
  <testcase name="checkIngredientNameTest[Name ingredient: sour cream]" classname="praktikum.IngredientTypeTest" time="0.0"/>
  <testcase name="checkIngredientTypeTest[Name ingredient: cutlet]" classname="praktikum.IngredientTypeTest" time="0.0"/>
  <testcase name="checkIngredientPriceTest[Name ingredient: cutlet]" classname="praktikum.IngredientTypeTest" time="0.0"/>
  <testcase name="checkIngredientNameTest[Name ingredient: cutlet]" classname="praktikum.IngredientTypeTest" time="0.0"/>
  <testcase name="checkIngredientTypeTest[Name ingredient: dinosaur]" classname="praktikum.IngredientTypeTest" time="0.001"/>
  <testcase name="checkIngredientPriceTest[Name ingredient: dinosaur]" classname="praktikum.IngredientTypeTest" time="0.0"/>
  <testcase name="checkIngredientNameTest[Name ingredient: dinosaur]" classname="praktikum.IngredientTypeTest" time="0.0"/>
  <testcase name="checkIngredientTypeTest[Name ingredient: sausage]" classname="praktikum.IngredientTypeTest" time="0.001"/>
  <testcase name="checkIngredientPriceTest[Name ingredient: sausage]" classname="praktikum.IngredientTypeTest" time="0.0"/>
  <testcase name="checkIngredientNameTest[Name ingredient: sausage]" classname="praktikum.IngredientTypeTest" time="0.0"/>
</testsuite>